Determining if the pthread_create exist failed with the following output:
Change Dir: /content/darknet/build_release/CMakeFiles/CMakeTmp

Run Build Command:"/usr/bin/make" "cmTC_13fb6/fast"
/usr/bin/make -f CMakeFiles/cmTC_13fb6.dir/build.make CMakeFiles/cmTC_13fb6.dir/build
make[1]: Entering directory '/content/darknet/build_release/CMakeFiles/CMakeTmp'
Building C object CMakeFiles/cmTC_13fb6.dir/CheckSymbolExists.c.o
/usr/bin/cc   -fPIC    -o CMakeFiles/cmTC_13fb6.dir/CheckSymbolExists.c.o   -c /content/darknet/build_release/CMakeFiles/CMakeTmp/CheckSymbolExists.c
Linking C executable cmTC_13fb6
/usr/local/lib/python2.7/dist-packages/cmake/data/bin/cmake -E cmake_link_script CMakeFiles/cmTC_13fb6.dir/link.txt --verbose=1
/usr/bin/cc -fPIC     CMakeFiles/cmTC_13fb6.dir/CheckSymbolExists.c.o  -o cmTC_13fb6 
CMakeFiles/cmTC_13fb6.dir/CheckSymbolExists.c.o: In function `main':
CheckSymbolExists.c:(.text+0x1b): undefined reference to `pthread_create'
collect2: error: ld returned 1 exit status
CMakeFiles/cmTC_13fb6.dir/build.make:86: recipe for target 'cmTC_13fb6' failed
make[1]: *** [cmTC_13fb6] Error 1
make[1]: Leaving directory '/content/darknet/build_release/CMakeFiles/CMakeTmp'
Makefile:121: recipe for target 'cmTC_13fb6/fast' failed
make: *** [cmTC_13fb6/fast] Error 2

File /content/darknet/build_release/CMakeFiles/CMakeTmp/CheckSymbolExists.c:
/* */
#include <pthread.h>

int main(int argc, char** argv)
{
  (void)argv;
#ifndef pthread_create
  return ((int*)(&pthread_create))[argc];
#else
  (void)argc;
  return 0;
#endif
}

Determining if the function pthread_create exists in the pthreads failed with the following output:
Change Dir: /content/darknet/build_release/CMakeFiles/CMakeTmp

Run Build Command:"/usr/bin/make" "cmTC_2cc4a/fast"
/usr/bin/make -f CMakeFiles/cmTC_2cc4a.dir/build.make CMakeFiles/cmTC_2cc4a.dir/build
make[1]: Entering directory '/content/darknet/build_release/CMakeFiles/CMakeTmp'
Building C object CMakeFiles/cmTC_2cc4a.dir/CheckFunctionExists.c.o
/usr/bin/cc   -fPIC -DCHECK_FUNCTION_EXISTS=pthread_create   -o CMakeFiles/cmTC_2cc4a.dir/CheckFunctionExists.c.o   -c /usr/local/lib/python2.7/dist-packages/cmake/data/share/cmake-3.12/Modules/CheckFunctionExists.c
Linking C executable cmTC_2cc4a
/usr/local/lib/python2.7/dist-packages/cmake/data/bin/cmake -E cmake_link_script CMakeFiles/cmTC_2cc4a.dir/link.txt --verbose=1
/usr/bin/cc -fPIC -DCHECK_FUNCTION_EXISTS=pthread_create    CMakeFiles/cmTC_2cc4a.dir/CheckFunctionExists.c.o  -o cmTC_2cc4a -lpthreads 
/usr/bin/ld: cannot find -lpthreads
collect2: error: ld returned 1 exit status
CMakeFiles/cmTC_2cc4a.dir/build.make:86: recipe for target 'cmTC_2cc4a' failed
make[1]: *** [cmTC_2cc4a] Error 1
make[1]: Leaving directory '/content/darknet/build_release/CMakeFiles/CMakeTmp'
Makefile:121: recipe for target 'cmTC_2cc4a/fast' failed
make: *** [cmTC_2cc4a/fast] Error 2


